2022-05-03 17:33:42.181  INFO 12252 --- [restartedMain] c.s.market.company.CompanyApplication    : Starting CompanyApplication using Java 13.0.2 on DESKTOP-SGJ9MVS with PID 12252 (E:\e-stock-market-fse2\Backend\company\target\classes started by Ksp in E:\e-stock-market-fse2\Backend\company)
2022-05-03 17:33:42.183  INFO 12252 --- [restartedMain] c.s.market.company.CompanyApplication    : No active profile set, falling back to 1 default profile: "default"
2022-05-03 17:33:45.339  INFO 12252 --- [restartedMain] .s.d.r.c.RepositoryConfigurationDelegate : Bootstrapping Spring Data MongoDB repositories in DEFAULT mode.
2022-05-03 17:33:45.729  INFO 12252 --- [restartedMain] .s.d.r.c.RepositoryConfigurationDelegate : Finished Spring Data repository scanning in 388 ms. Found 3 MongoDB repository interfaces.
2022-05-03 17:33:47.263  INFO 12252 --- [restartedMain] o.s.cloud.context.scope.GenericScope     : BeanFactory id=b96a3a06-7dad-3780-8302-9ae7de0b5711
2022-05-03 17:33:48.719  INFO 12252 --- [restartedMain] o.s.b.w.embedded.tomcat.TomcatWebServer  : Tomcat initialized with port(s): 8081 (http)
2022-05-03 17:33:48.722  INFO 12252 --- [restartedMain] o.apache.catalina.core.StandardService   : Starting service [Tomcat]
2022-05-03 17:33:48.722  INFO 12252 --- [restartedMain] org.apache.catalina.core.StandardEngine  : Starting Servlet engine: [Apache Tomcat/9.0.60]
2022-05-03 17:33:50.043  INFO 12252 --- [restartedMain] o.a.c.c.C.[Tomcat].[localhost].[/]       : Initializing Spring embedded WebApplicationContext
2022-05-03 17:33:50.043  INFO 12252 --- [restartedMain] w.s.c.ServletWebServerApplicationContext : Root WebApplicationContext: initialization completed in 7847 ms
2022-05-03 17:33:50.557  INFO 12252 --- [restartedMain] org.mongodb.driver.cluster               : Cluster created with settings {hosts=[localhost:27017], mode=SINGLE, requiredClusterType=UNKNOWN, serverSelectionTimeout='30000 ms'}
2022-05-03 17:33:50.582  WARN 12252 --- [restartedMain] o.s.data.convert.CustomConversions       : Registering converter from class java.time.LocalDateTime to class org.joda.time.LocalDateTime as reading converter although it doesn't convert from a store-supported type! You might want to check your annotation setup at the converter implementation.
2022-05-03 17:33:50.586  WARN 12252 --- [restartedMain] o.s.data.convert.CustomConversions       : Registering converter from class java.time.LocalDateTime to class org.joda.time.LocalDateTime as reading converter although it doesn't convert from a store-supported type! You might want to check your annotation setup at the converter implementation.
2022-05-03 17:33:50.627  INFO 12252 --- [cluster-ClusterId{value='62711a2683bb39576d5414d3', description='null'}-localhost:27017] org.mongodb.driver.connection            : Opened connection [connectionId{localValue:4, serverValue:152}] to localhost:27017
2022-05-03 17:33:50.626  INFO 12252 --- [cluster-rtt-ClusterId{value='62711a2683bb39576d5414d3', description='null'}-localhost:27017] org.mongodb.driver.connection            : Opened connection [connectionId{localValue:5, serverValue:153}] to localhost:27017
2022-05-03 17:33:50.632  INFO 12252 --- [cluster-ClusterId{value='62711a2683bb39576d5414d3', description='null'}-localhost:27017] org.mongodb.driver.cluster               : Monitor thread successfully connected to server with description ServerDescription{address=localhost:27017, type=STANDALONE, state=CONNECTED, ok=true, minWireVersion=0, maxWireVersion=9, maxDocumentSize=16777216, logicalSessionTimeoutMinutes=30, roundTripTimeNanos=61284900}
2022-05-03 17:33:50.868  WARN 12252 --- [restartedMain] o.s.b.d.a.OptionalLiveReloadServer       : Unable to start LiveReload server
2022-05-03 17:33:54.529  WARN 12252 --- [restartedMain] o.s.data.convert.CustomConversions       : Registering converter from class java.time.LocalDateTime to class org.joda.time.LocalDateTime as reading converter although it doesn't convert from a store-supported type! You might want to check your annotation setup at the converter implementation.
2022-05-03 17:33:54.811  INFO 12252 --- [restartedMain] o.s.s.web.DefaultSecurityFilterChain     : Will not secure any request
2022-05-03 17:33:56.214  WARN 12252 --- [restartedMain] o.s.data.convert.CustomConversions       : Registering converter from class java.time.LocalDateTime to class org.joda.time.LocalDateTime as reading converter although it doesn't convert from a store-supported type! You might want to check your annotation setup at the converter implementation.
2022-05-03 17:33:57.238  INFO 12252 --- [restartedMain] DiscoveryClientOptionalArgsConfiguration : Eureka HTTP Client uses RestTemplate.
2022-05-03 17:33:57.336  WARN 12252 --- [restartedMain] iguration$LoadBalancerCaffeineWarnLogger : Spring Cloud LoadBalancer is currently working with the default cache. While this cache implementation is useful for development and tests, it's recommended to use Caffeine cache in production.You can switch to using Caffeine cache, by adding it and org.springframework.cache.caffeine.CaffeineCacheManager to the classpath.
2022-05-03 17:33:57.345  INFO 12252 --- [restartedMain] o.s.b.a.e.web.EndpointLinksResolver      : Exposing 18 endpoint(s) beneath base path '/actuator'
2022-05-03 17:33:57.394  INFO 12252 --- [restartedMain] o.s.c.n.eureka.InstanceInfoFactory       : Setting initial instance status as: STARTING
2022-05-03 17:33:57.403  INFO 12252 --- [restartedMain] com.netflix.discovery.DiscoveryClient    : Initializing Eureka in region us-east-1
2022-05-03 17:33:57.404  INFO 12252 --- [restartedMain] c.n.d.s.r.aws.ConfigClusterResolver      : Resolving eureka endpoints via configuration
2022-05-03 17:33:57.512  INFO 12252 --- [restartedMain] com.netflix.discovery.DiscoveryClient    : Disable delta property : false
2022-05-03 17:33:57.513  INFO 12252 --- [restartedMain] com.netflix.discovery.DiscoveryClient    : Single vip registry refresh property : null
2022-05-03 17:33:57.514  INFO 12252 --- [restartedMain] com.netflix.discovery.DiscoveryClient    : Force full registry fetch : false
2022-05-03 17:33:57.514  INFO 12252 --- [restartedMain] com.netflix.discovery.DiscoveryClient    : Application is null : false
2022-05-03 17:33:57.514  INFO 12252 --- [restartedMain] com.netflix.discovery.DiscoveryClient    : Registered Applications size is zero : true
2022-05-03 17:33:57.514  INFO 12252 --- [restartedMain] com.netflix.discovery.DiscoveryClient    : Application version is -1: true
2022-05-03 17:33:57.515  INFO 12252 --- [restartedMain] com.netflix.discovery.DiscoveryClient    : Getting all instance registry info from the eureka server
2022-05-03 17:33:57.561  INFO 12252 --- [restartedMain] com.netflix.discovery.DiscoveryClient    : The response status is 200
2022-05-03 17:33:57.563  INFO 12252 --- [restartedMain] com.netflix.discovery.DiscoveryClient    : Starting heartbeat executor: renew interval is: 30
2022-05-03 17:33:57.566  INFO 12252 --- [restartedMain] c.n.discovery.InstanceInfoReplicator     : InstanceInfoReplicator onDemand update allowed rate per min is 4
2022-05-03 17:33:57.568  INFO 12252 --- [restartedMain] com.netflix.discovery.DiscoveryClient    : Discovery Client initialized at timestamp 1651579437568 with initial instances count: 0
2022-05-03 17:33:57.577  INFO 12252 --- [restartedMain] o.s.c.n.e.s.EurekaServiceRegistry        : Registering application COMPANY with eureka with status UP
2022-05-03 17:33:57.577  INFO 12252 --- [restartedMain] com.netflix.discovery.DiscoveryClient    : Saw local status change event StatusChangeEvent [timestamp=1651579437577, current=UP, previous=STARTING]
2022-05-03 17:33:57.600  INFO 12252 --- [DiscoveryClient-InstanceInfoReplicator-0] com.netflix.discovery.DiscoveryClient    : DiscoveryClient_COMPANY/host.docker.internal:company:8081: registering service...
2022-05-03 17:33:57.609  INFO 12252 --- [restartedMain] o.s.b.w.embedded.tomcat.TomcatWebServer  : Tomcat started on port(s): 8081 (http) with context path ''
2022-05-03 17:33:57.610  INFO 12252 --- [restartedMain] .s.c.n.e.s.EurekaAutoServiceRegistration : Updating port to 8081
2022-05-03 17:33:57.639  INFO 12252 --- [DiscoveryClient-InstanceInfoReplicator-0] com.netflix.discovery.DiscoveryClient    : DiscoveryClient_COMPANY/host.docker.internal:company:8081 - registration status: 204
2022-05-03 17:33:58.616  INFO 12252 --- [restartedMain] c.s.market.company.CompanyApplication    : Started CompanyApplication in 17.592 seconds (JVM running for 1170.776)
2022-05-03 17:33:58.700  INFO 12252 --- [restartedMain] .ConditionEvaluationDeltaLoggingListener : Condition evaluation delta:


==========================
CONDITION EVALUATION DELTA
==========================


Positive matches:
-----------------

   LogFileWebEndpointAutoConfiguration#logFileWebEndpoint matched:
      - Log File found logging.file.name E:e-stock-market-loge-stock-market.log (LogFileWebEndpointAutoConfiguration.LogFileCondition)
      - @ConditionalOnMissingBean (types: org.springframework.boot.actuate.logging.LogFileWebEndpoint; SearchStrategy: all) did not find any beans (OnBeanCondition)


Negative matches:
-----------------

    None


Exclusions:
-----------

    None


Unconditional classes:
----------------------

    None



2022-05-03 17:34:27.576  INFO 12252 --- [DiscoveryClient-CacheRefreshExecutor-0] com.netflix.discovery.DiscoveryClient    : Disable delta property : false
2022-05-03 17:34:27.576  INFO 12252 --- [DiscoveryClient-CacheRefreshExecutor-0] com.netflix.discovery.DiscoveryClient    : Single vip registry refresh property : null
2022-05-03 17:34:27.577  INFO 12252 --- [DiscoveryClient-CacheRefreshExecutor-0] com.netflix.discovery.DiscoveryClient    : Force full registry fetch : false
2022-05-03 17:34:27.577  INFO 12252 --- [DiscoveryClient-CacheRefreshExecutor-0] com.netflix.discovery.DiscoveryClient    : Application is null : false
2022-05-03 17:34:27.577  INFO 12252 --- [DiscoveryClient-CacheRefreshExecutor-0] com.netflix.discovery.DiscoveryClient    : Registered Applications size is zero : true
2022-05-03 17:34:27.577  INFO 12252 --- [DiscoveryClient-CacheRefreshExecutor-0] com.netflix.discovery.DiscoveryClient    : Application version is -1: false
2022-05-03 17:34:27.577  INFO 12252 --- [DiscoveryClient-CacheRefreshExecutor-0] com.netflix.discovery.DiscoveryClient    : Getting all instance registry info from the eureka server
2022-05-03 17:34:27.589  INFO 12252 --- [DiscoveryClient-CacheRefreshExecutor-0] com.netflix.discovery.DiscoveryClient    : The response status is 200
2022-05-03 17:34:44.412  INFO 12252 --- [http-nio-8081-exec-2] o.a.c.c.C.[Tomcat].[localhost].[/]       : Initializing Spring DispatcherServlet 'dispatcherServlet'
2022-05-03 17:34:44.413  INFO 12252 --- [http-nio-8081-exec-2] o.s.web.servlet.DispatcherServlet        : Initializing Servlet 'dispatcherServlet'
2022-05-03 17:34:44.417  INFO 12252 --- [http-nio-8081-exec-2] o.s.web.servlet.DispatcherServlet        : Completed initialization in 4 ms
2022-05-03 17:34:44.421  WARN 12252 --- [http-nio-8081-exec-2] c.s.m.company.config.JwtRequestFilter    : JWT Token does not begin with Bearer String
2022-05-03 17:34:44.726  INFO 12252 --- [http-nio-8081-exec-2] org.mongodb.driver.connection            : Opened connection [connectionId{localValue:6, serverValue:154}] to localhost:27017
2022-05-03 17:34:44.742  INFO 12252 --- [http-nio-8081-exec-2] c.s.m.c.s.impl.JwtUserDetailService      : user found
2022-05-03 17:34:44.977  INFO 12252 --- [http-nio-8081-exec-2] c.s.m.c.s.impl.JwtUserDetailService      : user found
2022-05-03 17:35:05.400  INFO 12252 --- [Thread-7] o.s.c.n.e.s.EurekaServiceRegistry        : Unregistering application COMPANY with eureka with status DOWN
2022-05-03 17:35:05.402  INFO 12252 --- [Thread-7] com.netflix.discovery.DiscoveryClient    : Saw local status change event StatusChangeEvent [timestamp=1651579505402, current=DOWN, previous=UP]
2022-05-03 17:35:05.403  INFO 12252 --- [DiscoveryClient-InstanceInfoReplicator-0] com.netflix.discovery.DiscoveryClient    : DiscoveryClient_COMPANY/host.docker.internal:company:8081: registering service...
2022-05-03 17:35:05.415  INFO 12252 --- [DiscoveryClient-InstanceInfoReplicator-0] com.netflix.discovery.DiscoveryClient    : DiscoveryClient_COMPANY/host.docker.internal:company:8081 - registration status: 204
2022-05-03 17:35:05.949  INFO 12252 --- [Thread-7] com.netflix.discovery.DiscoveryClient    : Shutting down DiscoveryClient ...
2022-05-03 17:35:08.968  INFO 12252 --- [Thread-7] com.netflix.discovery.DiscoveryClient    : Unregistering ...
2022-05-03 17:35:08.977  INFO 12252 --- [Thread-7] com.netflix.discovery.DiscoveryClient    : DiscoveryClient_COMPANY/host.docker.internal:company:8081 - deregister  status: 200
2022-05-03 17:35:08.998  INFO 12252 --- [Thread-7] com.netflix.discovery.DiscoveryClient    : Completed shut down of DiscoveryClient
